<?xml version="1.0" encoding="UTF-8"?>
<!-- Generated by org.testng.reporters.JUnitXMLReporter -->
<testsuite ignored="0" hostname="LAPTOP-B17B4A37" failures="0" tests="4" name="Default test" time="0.066" errors="0" timestamp="2022-06-06T12:53:10 IST">
  <testcase classname="testNG.Flipkart_TestNG" name="@BeforeTest browserLaunch" time="-1.654500190366E9">
    <failure type="org.testng.TestNGException" message="
Parameter &amp;apos;browserS&amp;apos; is required by BeforeTest on method browserLaunch but has not been marked @Optional or defined
in C:\Users\ADMIN\AppData\Local\Temp\testng-eclipse--1225748289\testng-customsuite.xml">
      <![CDATA[org.testng.TestNGException: 
Parameter 'browserS' is required by BeforeTest on method browserLaunch but has not been marked @Optional or defined
in C:\Users\ADMIN\AppData\Local\Temp\testng-eclipse--1225748289\testng-customsuite.xml
at org.testng.internal.Parameters.createParams(Parameters.java:270)
at org.testng.internal.Parameters.createParametersForMethod(Parameters.java:358)
at org.testng.internal.Parameters.createParameters(Parameters.java:700)
at org.testng.internal.Parameters.createConfigurationParameters(Parameters.java:168)
at org.testng.internal.ConfigInvoker.invokeConfigurations(ConfigInvoker.java:302)
at org.testng.TestRunner.invokeTestConfigurations(TestRunner.java:637)
at org.testng.TestRunner.beforeRun(TestRunner.java:627)
at org.testng.TestRunner.run(TestRunner.java:589)
at org.testng.SuiteRunner.runTest(SuiteRunner.java:377)
at org.testng.SuiteRunner.runSequentially(SuiteRunner.java:371)
at org.testng.SuiteRunner.privateRun(SuiteRunner.java:332)
at org.testng.SuiteRunner.run(SuiteRunner.java:276)
at org.testng.SuiteRunnerWorker.runSuite(SuiteRunnerWorker.java:53)
at org.testng.SuiteRunnerWorker.run(SuiteRunnerWorker.java:96)
at org.testng.TestNG.runSuitesSequentially(TestNG.java:1212)
at org.testng.TestNG.runSuitesLocally(TestNG.java:1134)
at org.testng.TestNG.runSuites(TestNG.java:1063)
at org.testng.TestNG.run(TestNG.java:1031)
at org.testng.remote.AbstractRemoteTestNG.run(AbstractRemoteTestNG.java:115)
at org.testng.remote.RemoteTestNG.initAndRun(RemoteTestNG.java:251)
at org.testng.remote.RemoteTestNG.main(RemoteTestNG.java:77)
]]>
    </failure>
  </testcase> <!-- @BeforeTest browserLaunch -->
  <testcase classname="testNG.Flipkart_TestNG" name="@BeforeClass browserLaunch" time="-1.654500190395E9">
    <skipped/>
  </testcase> <!-- @BeforeClass browserLaunch -->
  <testcase classname="testNG.Flipkart_TestNG" name="@BeforeMethod login" time="-1.654500190408E9">
    <skipped/>
  </testcase> <!-- @BeforeMethod login -->
  <testcase classname="testNG.Flipkart_TestNG" name="@AfterMethod logOut" time="-1.654500190413E9">
    <skipped/>
  </testcase> <!-- @AfterMethod logOut -->
  <testcase classname="testNG.Flipkart_TestNG" name="@BeforeMethod login" time="-1.654500190414E9">
    <skipped/>
  </testcase> <!-- @BeforeMethod login -->
  <testcase classname="testNG.Flipkart_TestNG" name="@AfterMethod logOut" time="-1.654500190417E9">
    <skipped/>
  </testcase> <!-- @AfterMethod logOut -->
  <testcase classname="testNG.Flipkart_TestNG" name="@BeforeMethod login" time="-1.654500190418E9">
    <skipped/>
  </testcase> <!-- @BeforeMethod login -->
  <testcase classname="testNG.Flipkart_TestNG" name="@AfterMethod logOut" time="-1.654500190421E9">
    <skipped/>
  </testcase> <!-- @AfterMethod logOut -->
  <testcase classname="testNG.Flipkart_TestNG" name="@BeforeMethod login" time="-1.654500190422E9">
    <skipped/>
  </testcase> <!-- @BeforeMethod login -->
  <testcase classname="testNG.Flipkart_TestNG" name="@AfterMethod logOut" time="-1.654500190424E9">
    <skipped/>
  </testcase> <!-- @AfterMethod logOut -->
  <testcase classname="testNG.Flipkart_TestNG" name="@AfterClass clearObjects" time="-1.654500190425E9">
    <skipped/>
  </testcase> <!-- @AfterClass clearObjects -->
  <testcase classname="testNG.Flipkart_TestNG" name="@AfterTest closeBrowser" time="-1.654500190428E9">
    <skipped/>
  </testcase> <!-- @AfterTest closeBrowser -->
  <testcase classname="testNG.Flipkart_TestNG" name="myProfile" time="0.0">
    <skipped/>
  </testcase> <!-- myProfile -->
  <testcase classname="testNG.Flipkart_TestNG" name="mychats" time="0.0">
    <skipped/>
  </testcase> <!-- mychats -->
  <testcase classname="testNG.Flipkart_TestNG" name="orders" time="0.0">
    <skipped/>
  </testcase> <!-- orders -->
  <testcase classname="testNG.Flipkart_TestNG" name="wishlist" time="0.0">
    <skipped/>
  </testcase> <!-- wishlist -->
</testsuite> <!-- Default test -->
